[seantheme.com/color-admin/frontend/blog/index.html]
[backblue.gif]
[fade.gif]
[index.html]
[seantheme.com/color-admin/frontend/blog/index_transparent_header.html]
[seantheme.com/color-admin/frontend/blog/index_inverse_header.html]
[seantheme.com/color-admin/frontend/blog/post_grid.html]
[seantheme.com/color-admin/frontend/blog/post_without_sidebar.html]
[seantheme.com/color-admin/frontend/blog/about_me.html]
[seantheme.com/color-admin/frontend/blog/contact_us.html]
[seantheme.com/color-admin/frontend/assets/img/cover/cover-4.jpg]
[seantheme.com/color-admin/frontend/blog/post_detail.html]
[seantheme.com/color-admin/frontend/assets/img/post/post-1.jpg]
[seantheme.com/color-admin/frontend/assets/img/post/post-2.jpg]
[seantheme.com/color-admin/frontend/assets/img/post/post-3.jpg]
[seantheme.com/color-admin/frontend/assets/img/post/post-4.jpg]
[seantheme.com/color-admin/frontend/assets/js/blog/app.min.js]
[seantheme.com/color-admin/frontend/blog/index.html]
[seantheme.com/color-admin/frontend/assets/css/webfonts/fa-brands-400.eot]
[seantheme.com/color-admin/frontend/assets/css/webfonts/fa-brands-400d41d.eot]
[seantheme.com/color-admin/frontend/assets/css/webfonts/fa-brands-400.woff]
[seantheme.com/color-admin/frontend/assets/css/webfonts/fa-brands-400.ttf]
[seantheme.com/color-admin/frontend/assets/css/webfonts/fa-regular-400.eot]
[seantheme.com/color-admin/frontend/assets/css/webfonts/fa-regular-400d41d.eot]
[seantheme.com/color-admin/frontend/assets/css/webfonts/fa-regular-400.woff]
[seantheme.com/color-admin/frontend/assets/css/webfonts/fa-regular-400.ttf]
[seantheme.com/color-admin/frontend/assets/css/webfonts/fa-solid-900.eot]
[seantheme.com/color-admin/frontend/assets/css/webfonts/fa-solid-900d41d.eot]
[seantheme.com/color-admin/frontend/assets/css/webfonts/fa-solid-900.woff]
[seantheme.com/color-admin/frontend/assets/css/webfonts/fa-solid-900.ttf]
[seantheme.com/color-admin/frontend/assets/css/blog/app.min.css]
[seantheme.com/color-admin/frontend/assets/img/cover/cover-5.jpg]
[seantheme.com/color-admin/frontend/blog/index_transparent_header.html]
[seantheme.com/color-admin/frontend/assets/img/cover/cover-6.jpg]
[seantheme.com/color-admin/frontend/blog/index_inverse_header.html]
[seantheme.com/color-admin/frontend/assets/img/cover/cover-9.jpg]
[seantheme.com/color-admin/frontend/blog/post_grid.html]
[seantheme.com/color-admin/frontend/assets/img/cover/cover-8.jpg]
[seantheme.com/color-admin/frontend/assets/img/post/post-5.jpg]
[seantheme.com/color-admin/frontend/assets/img/post/post-6.jpg]
[seantheme.com/color-admin/frontend/assets/img/post/post-7.jpg]
[seantheme.com/color-admin/frontend/assets/img/post/post-8.jpg]
[seantheme.com/color-admin/frontend/assets/img/post/post-9.jpg]
[seantheme.com/color-admin/frontend/assets/img/post/post-10.jpg]
[seantheme.com/color-admin/frontend/blog/post_without_sidebar.html]
[seantheme.com/color-admin/frontend/assets/img/cover/cover-7.jpg]
[seantheme.com/color-admin/frontend/assets/img/about/about-me.jpg]
[seantheme.com/color-admin/frontend/blog/about_me.html]
[seantheme.com/color-admin/frontend/blog/contact_us.html]
[seantheme.com/color-admin/frontend/assets/img/user/user-1.jpg]
[seantheme.com/color-admin/frontend/blog/post_detail.html]
[www.google-analytics.com/analytics.js]
