[seantheme.com/color-admin/frontend/forum/index.html]
[backblue.gif]
[fade.gif]
[index.html]
[seantheme.com/color-admin/frontend/assets/img/cover/cover-1.jpg]
[seantheme.com/color-admin/frontend/assets/img/icon/icon-gold-note.png]
[seantheme.com/color-admin/frontend/forum/category_list.html]
[seantheme.com/color-admin/frontend/assets/img/icon/icon-cone.png]
[seantheme.com/color-admin/frontend/assets/img/icon/icon-chat-bubble.png]
[seantheme.com/color-admin/frontend/assets/img/icon/icon-discussion-grey.png]
[seantheme.com/color-admin/frontend/assets/img/user/user-1.jpg]
[seantheme.com/color-admin/frontend/assets/img/user/user-2.jpg]
[seantheme.com/color-admin/frontend/assets/img/user/user-3.jpg]
[seantheme.com/color-admin/frontend/assets/img/user/user-4.jpg]
[seantheme.com/color-admin/frontend/assets/img/user/user-5.jpg]
[seantheme.com/color-admin/frontend/assets/img/user/user-6.jpg]
[seantheme.com/color-admin/frontend/assets/img/user/user-7.jpg]
[seantheme.com/color-admin/frontend/assets/img/user/user-8.jpg]
[seantheme.com/color-admin/frontend/assets/img/user/user-9.jpg]
[seantheme.com/color-admin/frontend/assets/js/forum/app.min.js]
[seantheme.com/color-admin/frontend/forum/index.html]
[seantheme.com/color-admin/frontend/assets/css/webfonts/fa-brands-400.eot]
[seantheme.com/color-admin/frontend/assets/css/webfonts/fa-brands-400d41d.eot]
[seantheme.com/color-admin/frontend/assets/css/webfonts/fa-brands-400.woff2]
[seantheme.com/color-admin/frontend/assets/css/webfonts/fa-brands-400.woff]
[seantheme.com/color-admin/frontend/assets/css/webfonts/fa-brands-400.ttf]
[seantheme.com/color-admin/frontend/assets/css/webfonts/fa-regular-400.eot]
[seantheme.com/color-admin/frontend/assets/css/webfonts/fa-regular-400d41d.eot]
[seantheme.com/color-admin/frontend/assets/css/webfonts/fa-regular-400.woff2]
[seantheme.com/color-admin/frontend/assets/css/webfonts/fa-regular-400.woff]
[seantheme.com/color-admin/frontend/assets/css/webfonts/fa-regular-400.ttf]
[seantheme.com/color-admin/frontend/assets/css/webfonts/fa-solid-900.eot]
[seantheme.com/color-admin/frontend/assets/css/webfonts/fa-solid-900d41d.eot]
[seantheme.com/color-admin/frontend/assets/css/webfonts/fa-solid-900.woff2]
[seantheme.com/color-admin/frontend/assets/css/webfonts/fa-solid-900.woff]
[seantheme.com/color-admin/frontend/assets/css/webfonts/fa-solid-900.ttf]
[seantheme.com/color-admin/frontend/assets/css/forum/app.min.css]
[seantheme.com/color-admin/frontend/assets/img/cover/cover-2.jpg]
[seantheme.com/color-admin/frontend/forum/detail.html]
[seantheme.com/color-admin/frontend/assets/img/user/user-10.jpg]
[seantheme.com/color-admin/frontend/forum/category_list.html]
[seantheme.com/color-admin/frontend/assets/img/cover/cover-3.jpg]
[seantheme.com/color-admin/frontend/assets/plugins/summernote/dist/summernote-bs4.min.js]
[seantheme.com/color-admin/frontend/assets/js/forum/forum-details-page.js]
[seantheme.com/color-admin/frontend/forum/detail.html]
[seantheme.com/color-admin/frontend/assets/plugins/summernote/dist/font/summernote.eot]
[seantheme.com/color-admin/frontend/assets/plugins/summernote/dist/font/summernoted41d.eot]
[seantheme.com/color-admin/frontend/assets/plugins/summernote/dist/font/summernote.woff2]
[seantheme.com/color-admin/frontend/assets/plugins/summernote/dist/font/summernote.woff]
[seantheme.com/color-admin/frontend/assets/plugins/summernote/dist/font/summernote.ttf]
[seantheme.com/color-admin/frontend/assets/plugins/summernote/dist/summernote-bs4.css]
[www.google-analytics.com/analytics.js]
