[seantheme.com/color-admin/admin/html/index_v3.html]
[backblue.gif]
[fade.gif]
[index.html]
[seantheme.com/color-admin/admin/html/index.html]
[seantheme.com/color-admin/admin/assets/img/user/user-1.jpg]
[seantheme.com/color-admin/admin/assets/img/user/user-2.jpg]
[seantheme.com/color-admin/admin/assets/img/user/user-13.jpg]
[seantheme.com/color-admin/admin/html/index_v2.html]
[seantheme.com/color-admin/admin/html/email_inbox.html]
[seantheme.com/color-admin/admin/html/email_compose.html]
[seantheme.com/color-admin/admin/html/widget.html]
[seantheme.com/color-admin/admin/html/ui_general.html]
[seantheme.com/color-admin/admin/html/email_detail.html]
[seantheme.com/color-admin/admin/html/ui_typography.html]
[seantheme.com/color-admin/admin/html/ui_tabs_accordions.html]
[seantheme.com/color-admin/admin/html/ui_unlimited_tabs.html]
[seantheme.com/color-admin/admin/html/ui_modal_notification.html]
[seantheme.com/color-admin/admin/html/ui_widget_boxes.html]
[seantheme.com/color-admin/admin/html/ui_media_object.html]
[seantheme.com/color-admin/admin/html/ui_buttons.html]
[seantheme.com/color-admin/admin/html/ui_icons.html]
[seantheme.com/color-admin/admin/html/ui_simple_line_icons.html]
[seantheme.com/color-admin/admin/html/ui_ionicons.html]
[seantheme.com/color-admin/admin/html/ui_tree.html]
[seantheme.com/color-admin/admin/html/ui_language_bar_icon.html]
[seantheme.com/color-admin/admin/html/ui_social_buttons.html]
[seantheme.com/color-admin/admin/html/ui_tour.html]
[seantheme.com/color-admin/admin/html/bootstrap_4.html]
[seantheme.com/color-admin/admin/assets/img/logo/logo-bs4.png]
[seantheme.com/color-admin/admin/html/form_elements.html]
[seantheme.com/color-admin/admin/html/form_plugins.html]
[seantheme.com/color-admin/admin/html/form_slider_switcher.html]
[seantheme.com/color-admin/admin/html/form_validation.html]
[seantheme.com/color-admin/admin/html/form_wizards.html]
[seantheme.com/color-admin/admin/html/form_wizards_validation.html]
[seantheme.com/color-admin/admin/html/form_wysiwyg.html]
[seantheme.com/color-admin/admin/html/form_editable.html]
[seantheme.com/color-admin/admin/html/form_multiple_upload.html]
[seantheme.com/color-admin/admin/html/form_summernote.html]
[seantheme.com/color-admin/admin/html/form_dropzone.html]
[seantheme.com/color-admin/admin/html/table_basic.html]
[seantheme.com/color-admin/admin/html/table_manage.html]
[seantheme.com/color-admin/admin/html/table_manage_autofill.html]
[seantheme.com/color-admin/admin/html/table_manage_buttons.html]
[seantheme.com/color-admin/admin/html/table_manage_colreorder.html]
[seantheme.com/color-admin/admin/html/table_manage_fixed_columns.html]
[seantheme.com/color-admin/admin/html/table_manage_fixed_header.html]
[seantheme.com/color-admin/admin/html/table_manage_keytable.html]
[seantheme.com/color-admin/admin/html/table_manage_responsive.html]
[seantheme.com/color-admin/admin/html/table_manage_rowreorder.html]
[seantheme.com/color-admin/admin/html/table_manage_scroller.html]
[seantheme.com/color-admin/admin/html/table_manage_select.html]
[seantheme.com/color-admin/admin/html/table_manage_combine.html]
[seantheme.com/color-admin/admin/html/email_system.html]
[seantheme.com/color-admin/admin/html/email_newsletter.html]
[seantheme.com/color-admin/admin/html/chart-flot.html]
[seantheme.com/color-admin/admin/html/chart-morris.html]
[seantheme.com/color-admin/admin/html/chart-js.html]
[seantheme.com/color-admin/admin/html/chart-d3.html]
[seantheme.com/color-admin/admin/html/chart-apex.html]
[seantheme.com/color-admin/admin/html/calendar.html]
[seantheme.com/color-admin/admin/html/map_vector.html]
[seantheme.com/color-admin/admin/html/map_google.html]
[seantheme.com/color-admin/admin/html/gallery.html]
[seantheme.com/color-admin/admin/html/gallery_v2.html]
[seantheme.com/color-admin/admin/html/page_blank.html]
[seantheme.com/color-admin/admin/html/page_with_footer.html]
[seantheme.com/color-admin/admin/html/page_with_right_sidebar.html]
[seantheme.com/color-admin/admin/html/page_without_sidebar.html]
[seantheme.com/color-admin/admin/html/page_with_minified_sidebar.html]
[seantheme.com/color-admin/admin/html/page_with_two_sidebar.html]
[seantheme.com/color-admin/admin/html/page_with_line_icons.html]
[seantheme.com/color-admin/admin/html/page_with_ionicons.html]
[seantheme.com/color-admin/admin/html/page_full_height.html]
[seantheme.com/color-admin/admin/html/page_with_wide_sidebar.html]
[seantheme.com/color-admin/admin/html/page_with_light_sidebar.html]
[seantheme.com/color-admin/admin/html/page_with_mega_menu.html]
[seantheme.com/color-admin/admin/html/page_with_boxed_layout.html]
[seantheme.com/color-admin/admin/html/page_with_top_menu.html]
[seantheme.com/color-admin/admin/html/page_with_mixed_menu.html]
[seantheme.com/color-admin/admin/html/page_boxed_layout_with_mixed_menu.html]
[seantheme.com/color-admin/admin/html/page_with_transparent_sidebar.html]
[seantheme.com/color-admin/admin/html/page_with_search_sidebar.html]
[seantheme.com/color-admin/admin/html/extra_timeline.html]
[seantheme.com/color-admin/admin/html/extra_coming_soon.html]
[seantheme.com/color-admin/admin/html/extra_search_results.html]
[seantheme.com/color-admin/admin/html/extra_invoice.html]
[seantheme.com/color-admin/admin/html/extra_404_error.html]
[seantheme.com/color-admin/admin/html/extra_profile.html]
[seantheme.com/color-admin/admin/html/extra_scrum_board.html]
[seantheme.com/color-admin/admin/html/extra_cookie_acceptance_banner.html]
[seantheme.com/color-admin/admin/html/login.html]
[seantheme.com/color-admin/admin/html/login_v2.html]
[seantheme.com/color-admin/admin/html/login_v3.html]
[seantheme.com/color-admin/admin/html/register_v3.html]
[seantheme.com/color-admin/admin/html/helper_css.html]
[seantheme.com/color-admin/admin/assets/img/flag/us.jpg]
[seantheme.com/color-admin/admin/assets/img/flag/cn.jpg]
[seantheme.com/color-admin/admin/assets/img/flag/de.jpg]
[seantheme.com/color-admin/admin/assets/img/flag/fr.jpg]
[seantheme.com/color-admin/admin/assets/img/flag/jp.jpg]
[seantheme.com/color-admin/admin/assets/img/product/product-8.jpg]
[seantheme.com/color-admin/admin/assets/img/product/product-9.jpg]
[seantheme.com/color-admin/admin/assets/img/product/product-10.jpg]
[seantheme.com/color-admin/admin/assets/img/product/product-11.jpg]
[seantheme.com/color-admin/admin/assets/img/product/product-12.jpg]
[seantheme.com/color-admin/admin/assets/img/theme/default.jpg]
[seantheme.com/color-admin/admin/assets/img/theme/transparent.jpg]
[seantheme.com/color-admin/admin/assets/img/theme/apple.jpg]
[seantheme.com/color-admin/admin/assets/img/theme/material.jpg]
[seantheme.com/color-admin/admin/assets/img/theme/facebook.jpg]
[seantheme.com/color-admin/admin/assets/img/theme/google.jpg]
[seantheme.com/color-admin/admin/assets/img/version/html.jpg]
[seantheme.com/color-admin/admin/assets/img/version/ajax.jpg]
[seantheme.com/color-admin/admin/assets/img/version/angular1x.jpg]
[seantheme.com/color-admin/admin/assets/img/version/angular8x.jpg]
[seantheme.com/color-admin/admin/assets/img/version/laravel.jpg]
[seantheme.com/color-admin/admin/assets/img/version/vuejs.jpg]
[seantheme.com/color-admin/admin/assets/img/version/reactjs.jpg]
[seantheme.com/color-admin/admin/assets/img/theme/one-page-parallax.jpg]
[seantheme.com/color-admin/admin/assets/img/theme/e-commerce.jpg]
[seantheme.com/color-admin/admin/assets/img/theme/blog.jpg]
[seantheme.com/color-admin/admin/assets/img/theme/forum.jpg]
[seantheme.com/color-admin/admin/assets/js/app.min.js]
[seantheme.com/color-admin/admin/assets/js/theme/default.min.js]
[seantheme.com/color-admin/admin/assets/plugins/d3/d3.min.js]
[seantheme.com/color-admin/admin/assets/plugins/nvd3/build/nv.d3.min.js]
[seantheme.com/color-admin/admin/assets/plugins/jvectormap-next/jquery-jvectormap.min.js]
[seantheme.com/color-admin/admin/assets/plugins/jvectormap-next/jquery-jvectormap-world-mill.js]
[seantheme.com/color-admin/admin/assets/plugins/apexcharts/dist/apexcharts.min.js]
[seantheme.com/color-admin/admin/assets/plugins/moment/min/moment.min.js]
[seantheme.com/color-admin/admin/assets/plugins/bootstrap-daterangepicker/daterangepicker.js]
[seantheme.com/color-admin/admin/assets/js/demo/dashboard-v3.js]
[seantheme.com/color-admin/admin/html/index_v3.html]
[seantheme.com/color-admin/admin/assets/css/webfonts/fa-brands-400.eot]
[seantheme.com/color-admin/admin/assets/css/webfonts/fa-brands-400d41d.eot]
[seantheme.com/color-admin/admin/assets/css/webfonts/fa-brands-400.woff2]
[seantheme.com/color-admin/admin/assets/css/webfonts/fa-brands-400.woff]
[seantheme.com/color-admin/admin/assets/css/webfonts/fa-brands-400.ttf]
[seantheme.com/color-admin/admin/assets/css/webfonts/fa-regular-400.eot]
[seantheme.com/color-admin/admin/assets/css/webfonts/fa-regular-400d41d.eot]
[seantheme.com/color-admin/admin/assets/css/webfonts/fa-regular-400.woff2]
[seantheme.com/color-admin/admin/assets/css/webfonts/fa-regular-400.woff]
[seantheme.com/color-admin/admin/assets/css/webfonts/fa-regular-400.ttf]
[seantheme.com/color-admin/admin/assets/css/webfonts/fa-solid-900.eot]
[seantheme.com/color-admin/admin/assets/css/webfonts/fa-solid-900d41d.eot]
[seantheme.com/color-admin/admin/assets/css/webfonts/fa-solid-900.woff2]
[seantheme.com/color-admin/admin/assets/css/webfonts/fa-solid-900.woff]
[seantheme.com/color-admin/admin/assets/css/webfonts/fa-solid-900.ttf]
[seantheme.com/color-admin/admin/assets/css/default/images/cover-sidebar-user.jpg]
[seantheme.com/color-admin/admin/assets/css/default/images/cover-sidebar.jpg]
[seantheme.com/color-admin/admin/assets/css/default/images/cover-pattern.png]
[seantheme.com/color-admin/admin/assets/css/default/images/coming-soon.jpg]
[seantheme.com/color-admin/admin/assets/css/default/images/error-page-pattern.png]
[seantheme.com/color-admin/admin/assets/css/default/images/profile-cover.jpg]
[seantheme.com/color-admin/admin/assets/css/default/app.min.css]
[seantheme.com/color-admin/admin/assets/plugins/jvectormap-next/jquery-jvectormap.css]
[seantheme.com/color-admin/admin/assets/plugins/nvd3/build/nv.d3.css]
[seantheme.com/color-admin/admin/assets/plugins/bootstrap-daterangepicker/daterangepicker.css]
[seantheme.com/color-admin/admin/assets/img/gallery/gallery-1.jpg]
[seantheme.com/color-admin/admin/assets/img/gallery/gallery-10.jpg]
[seantheme.com/color-admin/admin/assets/img/gallery/gallery-7.jpg]
[seantheme.com/color-admin/admin/assets/img/gallery/gallery-8.jpg]
[seantheme.com/color-admin/admin/assets/img/product/product-1.png]
[seantheme.com/color-admin/admin/assets/img/product/product-2.png]
[seantheme.com/color-admin/admin/assets/img/product/product-3.png]
[seantheme.com/color-admin/admin/assets/img/product/product-4.png]
[seantheme.com/color-admin/admin/assets/img/product/product-5.png]
[seantheme.com/color-admin/admin/assets/img/user/user-3.jpg]
[seantheme.com/color-admin/admin/assets/img/user/user-4.jpg]
[seantheme.com/color-admin/admin/assets/img/user/user-5.jpg]
[seantheme.com/color-admin/admin/assets/img/user/user-6.jpg]
[seantheme.com/color-admin/admin/assets/img/user/user-8.jpg]
[seantheme.com/color-admin/admin/assets/img/user/user-7.jpg]
[seantheme.com/color-admin/admin/assets/plugins/gritter/js/jquery.gritter.js]
[seantheme.com/color-admin/admin/assets/plugins/flot/jquery.flot.js]
[seantheme.com/color-admin/admin/assets/plugins/flot/jquery.flot.time.js]
[seantheme.com/color-admin/admin/assets/plugins/flot/jquery.flot.resize.js]
[seantheme.com/color-admin/admin/assets/plugins/flot/jquery.flot.pie.js]
[seantheme.com/color-admin/admin/assets/plugins/jquery-sparkline/jquery.sparkline.min.js]
[seantheme.com/color-admin/admin/assets/plugins/bootstrap-datepicker/dist/js/bootstrap-datepicker.js]
[seantheme.com/color-admin/admin/assets/js/demo/dashboard.js]
[seantheme.com/color-admin/admin/html/index.html]
[seantheme.com/color-admin/admin/assets/img/user/user-12.jpg]
[seantheme.com/color-admin/admin/assets/img/user/user-10.jpg]
[seantheme.com/color-admin/admin/assets/img/user/user-14.jpg]
[seantheme.com/color-admin/admin/assets/img/user/user-9.jpg]
[seantheme.com/color-admin/admin/assets/plugins/bootstrap-calendar/js/bootstrap_calendar.min.js]
[seantheme.com/color-admin/admin/assets/js/demo/dashboard-v2.js]
[seantheme.com/color-admin/admin/html/index_v2.html]
[seantheme.com/color-admin/admin/assets/js/demo/email-inbox.demo.js]
[seantheme.com/color-admin/admin/html/email_inbox.html]
[seantheme.com/color-admin/admin/assets/plugins/jquery-migrate/dist/jquery-migrate.min.js]
[seantheme.com/color-admin/admin/assets/plugins/tag-it/js/tag-it.min.js]
[seantheme.com/color-admin/admin/assets/plugins/bootstrap3-wysihtml5-bower/dist/bootstrap3-wysihtml5.all.min.js]
[seantheme.com/color-admin/admin/assets/js/demo/email-compose.demo.js]
[seantheme.com/color-admin/admin/html/email_compose.html]
[seantheme.com/color-admin/admin/assets/img/gallery/gallery-11.jpg]
[seantheme.com/color-admin/admin/html/email_detail.html]
[seantheme.com/color-admin/admin/assets/img/gallery/gallery-51-thumb.jpg]
[seantheme.com/color-admin/admin/assets/img/gallery/gallery-52-thumb.jpg]
[seantheme.com/color-admin/admin/assets/img/gallery/gallery-53-thumb.jpg]
[seantheme.com/color-admin/admin/assets/img/gallery/gallery-54-thumb.jpg]
[seantheme.com/color-admin/admin/assets/img/gallery/gallery-59-thumb.jpg]
[seantheme.com/color-admin/admin/assets/img/gallery/gallery-60-thumb.jpg]
[seantheme.com/color-admin/admin/assets/img/gallery/gallery-11-thumb.jpg]
[seantheme.com/color-admin/admin/assets/img/gallery/gallery-12-thumb.jpg]
[seantheme.com/color-admin/admin/assets/img/gallery/gallery-13-thumb.jpg]
[seantheme.com/color-admin/admin/assets/img/gallery/gallery-14-thumb.jpg]
[seantheme.com/color-admin/admin/assets/img/gallery/gallery-15-thumb.jpg]
[seantheme.com/color-admin/admin/assets/img/gallery/gallery-16-thumb.jpg]
[seantheme.com/color-admin/admin/assets/img/gallery/gallery-21-thumb.jpg]
[seantheme.com/color-admin/admin/assets/img/gallery/gallery-22-thumb.jpg]
[seantheme.com/color-admin/admin/assets/img/gallery/gallery-23-thumb.jpg]
[seantheme.com/color-admin/admin/assets/img/gallery/gallery-24-thumb.jpg]
[seantheme.com/color-admin/admin/assets/img/gallery/gallery-25-thumb.jpg]
[seantheme.com/color-admin/admin/assets/img/gallery/gallery-portrait-11-thumb.jpg]
[seantheme.com/color-admin/admin/assets/img/login-bg/login-bg-1-thumb.jpg]
[seantheme.com/color-admin/admin/assets/img/login-bg/login-bg-2-thumb.jpg]
[seantheme.com/color-admin/admin/assets/img/login-bg/login-bg-3-thumb.jpg]
[seantheme.com/color-admin/admin/assets/img/login-bg/login-bg-4-thumb.jpg]
[seantheme.com/color-admin/admin/assets/img/login-bg/login-bg-7-thumb.jpg]
[seantheme.com/color-admin/admin/assets/img/login-bg/login-bg-10-thumb.jpg]
[seantheme.com/color-admin/admin/assets/img/gallery/gallery-1-thumb.jpg]
[seantheme.com/color-admin/admin/assets/img/gallery/gallery-2-thumb.jpg]
[seantheme.com/color-admin/admin/assets/img/gallery/gallery-3-thumb.jpg]
[seantheme.com/color-admin/admin/assets/img/gallery/gallery-4-thumb.jpg]
[seantheme.com/color-admin/admin/assets/img/gallery/gallery-5-thumb.jpg]
[seantheme.com/color-admin/admin/assets/img/gallery/gallery-6-thumb.jpg]
[seantheme.com/color-admin/admin/assets/img/gallery/gallery-7-thumb.jpg]
[seantheme.com/color-admin/admin/assets/img/gallery/gallery-8-thumb.jpg]
[seantheme.com/color-admin/admin/assets/img/gallery/gallery-9-thumb.jpg]
[seantheme.com/color-admin/admin/assets/img/gallery/gallery-10-thumb.jpg]
[seantheme.com/color-admin/admin/assets/img/product/product-6.png]
[seantheme.com/color-admin/admin/assets/img/product/product-7.png]
[seantheme.com/color-admin/admin/assets/plugins/clipboard/dist/clipboard.min.js]
[seantheme.com/color-admin/admin/assets/plugins/highlight.js/highlight.min.js]
[seantheme.com/color-admin/admin/assets/js/demo/widget.demo.js]
[seantheme.com/color-admin/admin/assets/js/demo/render.highlight.js]
[seantheme.com/color-admin/admin/html/widget.html]
[seantheme.com/color-admin/admin/html/ui_general.html]
[seantheme.com/color-admin/admin/html/ui_typography.html]
[seantheme.com/color-admin/admin/html/ui_tabs_accordions.html]
[seantheme.com/color-admin/admin/html/ui_unlimited_tabs.html]
[seantheme.com/color-admin/admin/assets/plugins/sweetalert/dist/sweetalert.min.js]
[seantheme.com/color-admin/admin/assets/js/demo/ui-modal-notification.demo.js]
[seantheme.com/color-admin/admin/html/ui_modal_notification.html]
[seantheme.com/color-admin/admin/html/ui_widget_boxes.html]
[seantheme.com/color-admin/admin/assets/img/gallery/gallery-2.jpg]
[seantheme.com/color-admin/admin/assets/img/gallery/gallery-3.jpg]
[seantheme.com/color-admin/admin/assets/img/gallery/gallery-4.jpg]
[seantheme.com/color-admin/admin/html/ui_media_object.html]
[seantheme.com/color-admin/admin/html/ui_buttons.html]
[seantheme.com/color-admin/admin/html/ui_icons.html]
[seantheme.com/color-admin/admin/html/ui_simple_line_icons.html]
[seantheme.com/color-admin/admin/html/ui_ionicons.html]
[seantheme.com/color-admin/admin/assets/plugins/jstree/dist/jstree.min.js]
[seantheme.com/color-admin/admin/assets/js/demo/ui-tree.demo.js]
[seantheme.com/color-admin/admin/html/ui_tree.html]
[seantheme.com/color-admin/admin/html/ui_language_bar_icon.html]
[seantheme.com/color-admin/admin/html/ui_social_buttons.html]
[seantheme.com/color-admin/admin/assets/plugins/intro.js/minified/intro.min.js]
[seantheme.com/color-admin/admin/html/ui_tour.html]
[seantheme.com/color-admin/admin/assets/img/gallery/gallery-15.jpg]
[seantheme.com/color-admin/admin/assets/img/gallery/gallery-6.jpg]
[seantheme.com/color-admin/admin/assets/img/gallery/gallery-9.jpg]
[seantheme.com/color-admin/admin/assets/img/gallery/gallery-17.jpg]
[seantheme.com/color-admin/admin/assets/img/gallery/gallery-13.jpg]
[seantheme.com/color-admin/admin/assets/img/gallery/gallery-14.jpg]
[seantheme.com/color-admin/admin/html/bootstrap_4.html]
[seantheme.com/color-admin/admin/html/form_elements.html]
[seantheme.com/color-admin/admin/assets/plugins/ion-rangeslider/js/ion.rangeSlider.min.js]
[seantheme.com/color-admin/admin/assets/plugins/bootstrap-colorpicker/dist/js/bootstrap-colorpicker.min.js]
[seantheme.com/color-admin/admin/assets/plugins/jquery.maskedinput/src/jquery.maskedinput.js]
[seantheme.com/color-admin/admin/assets/plugins/bootstrap-timepicker/js/bootstrap-timepicker.min.js]
[seantheme.com/color-admin/admin/assets/plugins/pwstrength-bootstrap/dist/pwstrength-bootstrap.min.js]
[seantheme.com/color-admin/admin/assets/plugins/@danielfarrell/bootstrap-combobox/js/bootstrap-combobox.js]
[seantheme.com/color-admin/admin/assets/plugins/bootstrap-select/dist/js/bootstrap-select.min.js]
[seantheme.com/color-admin/admin/assets/plugins/select2/dist/js/select2.min.js]
[seantheme.com/color-admin/admin/assets/plugins/eonasdan-bootstrap-datetimepicker/build/js/bootstrap-datetimepicker.min.js]
[seantheme.com/color-admin/admin/assets/plugins/bootstrap-show-password/dist/bootstrap-show-password.js]
[seantheme.com/color-admin/admin/assets/plugins/bootstrap-colorpalette/js/bootstrap-colorpalette.js]
[seantheme.com/color-admin/admin/assets/plugins/jquery-simplecolorpicker/jquery.simplecolorpicker.js]
[seantheme.com/color-admin/admin/assets/js/demo/form-plugins.demo.js]
[seantheme.com/color-admin/admin/html/form_plugins.html]
[seantheme.com/color-admin/admin/assets/plugins/switchery/switchery.min.js]
[seantheme.com/color-admin/admin/assets/plugins/abpetkov-powerange/dist/powerange.min.js]
[seantheme.com/color-admin/admin/assets/js/demo/form-slider-switcher.demo.js]
[seantheme.com/color-admin/admin/html/form_slider_switcher.html]
[seantheme.com/color-admin/admin/assets/plugins/parsleyjs/dist/parsley.min.js]
[seantheme.com/color-admin/admin/html/form_validation.html]
[seantheme.com/color-admin/admin/assets/plugins/smartwizard/dist/js/jquery.smartWizard.js]
[seantheme.com/color-admin/admin/assets/js/demo/form-wizards.demo.js]
[seantheme.com/color-admin/admin/html/form_wizards.html]
[seantheme.com/color-admin/admin/assets/plugins/parsleyjs/dist/parsley.js]
[seantheme.com/color-admin/admin/assets/js/demo/form-wizards-validation.demo.js]
[seantheme.com/color-admin/admin/html/form_wizards_validation.html]
[seantheme.com/color-admin/admin/assets/plugins/ckeditor/ckeditor.js]
[seantheme.com/color-admin/admin/assets/js/demo/form-wysiwyg.demo.js]
[seantheme.com/color-admin/admin/html/form_wysiwyg.html]
[seantheme.com/color-admin/admin/assets/plugins/x-editable-bs4/dist/bootstrap4-editable/js/bootstrap-editable.min.js]
[seantheme.com/color-admin/admin/assets/plugins/x-editable-bs4/dist/inputs-ext/address/address.js]
[seantheme.com/color-admin/admin/assets/plugins/x-editable-bs4/dist/inputs-ext/typeaheadjs/lib/typeahead.js]
[seantheme.com/color-admin/admin/assets/plugins/x-editable-bs4/dist/inputs-ext/typeaheadjs/typeaheadjs.js]
[seantheme.com/color-admin/admin/assets/plugins/x-editable-bs4/dist/inputs-ext/wysihtml5/wysihtml5.js]
[seantheme.com/color-admin/admin/assets/plugins/bootstrap-datepicker/dist/js/bootstrap-datepicker.min.js]
[seantheme.com/color-admin/admin/assets/plugins/bootstrap-datetimepicker/js/bootstrap-datetimepicker.min.js]
[seantheme.com/color-admin/admin/assets/plugins/select2/dist/js/select2.full.min.js]
[seantheme.com/color-admin/admin/assets/plugins/jquery-mockjax/dist/jquery.mockjax.min.js]
[seantheme.com/color-admin/admin/assets/js/demo/form-editable.demo.js]
[seantheme.com/color-admin/admin/html/form_editable.html]
[seantheme.com/color-admin/admin/assets/plugins/blueimp-file-upload/js/vendor/jquery.ui.widget.js]
[seantheme.com/color-admin/admin/assets/plugins/blueimp-tmpl/js/tmpl.js]
[seantheme.com/color-admin/admin/assets/plugins/blueimp-load-image/js/load-image.all.min.js]
[seantheme.com/color-admin/admin/assets/plugins/blueimp-canvas-to-blob/js/canvas-to-blob.js]
[seantheme.com/color-admin/admin/assets/plugins/blueimp-gallery/js/jquery.blueimp-gallery.min.js]
[seantheme.com/color-admin/admin/assets/plugins/blueimp-file-upload/js/jquery.iframe-transport.js]
[seantheme.com/color-admin/admin/assets/plugins/blueimp-file-upload/js/jquery.fileupload.js]
[seantheme.com/color-admin/admin/assets/plugins/blueimp-file-upload/js/jquery.fileupload-process.js]
[seantheme.com/color-admin/admin/assets/plugins/blueimp-file-upload/js/jquery.fileupload-image.js]
[seantheme.com/color-admin/admin/assets/plugins/blueimp-file-upload/js/jquery.fileupload-audio.js]
[seantheme.com/color-admin/admin/assets/plugins/blueimp-file-upload/js/jquery.fileupload-video.js]
[seantheme.com/color-admin/admin/assets/plugins/blueimp-file-upload/js/jquery.fileupload-validate.js]
[seantheme.com/color-admin/admin/assets/plugins/blueimp-file-upload/js/jquery.fileupload-ui.js]
[seantheme.com/color-admin/admin/assets/js/demo/form-multiple-upload.demo.js]
[seantheme.com/color-admin/admin/html/form_multiple_upload.html]
[seantheme.com/color-admin/admin/assets/plugins/summernote/dist/summernote.min.js]
[seantheme.com/color-admin/admin/assets/js/demo/form-summernote.demo.js]
[seantheme.com/color-admin/admin/html/form_summernote.html]
[seantheme.com/color-admin/admin/assets/plugins/dropzone/dist/min/dropzone.min.js]
[seantheme.com/color-admin/admin/html/form_dropzone.html]
[seantheme.com/color-admin/admin/html/table_basic.html]
[seantheme.com/color-admin/admin/assets/img/user/user-11.jpg]
[seantheme.com/color-admin/admin/assets/plugins/datatables.net/js/jquery.dataTables.min.js]
[seantheme.com/color-admin/admin/assets/plugins/datatables.net-bs4/js/dataTables.bootstrap4.min.js]
[seantheme.com/color-admin/admin/assets/plugins/datatables.net-responsive/js/dataTables.responsive.min.js]
[seantheme.com/color-admin/admin/assets/plugins/datatables.net-responsive-bs4/js/responsive.bootstrap4.min.js]
[seantheme.com/color-admin/admin/assets/js/demo/table-manage-default.demo.js]
[seantheme.com/color-admin/admin/html/table_manage.html]
[seantheme.com/color-admin/admin/assets/plugins/datatables.net-autofill/js/dataTables.autofill.min.js]
[seantheme.com/color-admin/admin/assets/plugins/datatables.net-autofill-bs4/js/autofill.bootstrap4.min.js]
[seantheme.com/color-admin/admin/assets/js/demo/table-manage-autofill.demo.js]
[seantheme.com/color-admin/admin/html/table_manage_autofill.html]
[seantheme.com/color-admin/admin/assets/plugins/datatables.net-buttons/js/dataTables.buttons.min.js]
[seantheme.com/color-admin/admin/assets/plugins/datatables.net-buttons-bs4/js/buttons.bootstrap4.min.js]
[seantheme.com/color-admin/admin/assets/plugins/datatables.net-buttons/js/buttons.colVis.min.js]
[seantheme.com/color-admin/admin/assets/plugins/datatables.net-buttons/js/buttons.flash.min.js]
[seantheme.com/color-admin/admin/assets/plugins/datatables.net-buttons/js/buttons.html5.min.js]
[seantheme.com/color-admin/admin/assets/plugins/datatables.net-buttons/js/buttons.print.min.js]
[seantheme.com/color-admin/admin/assets/plugins/pdfmake/build/pdfmake.min.js]
[seantheme.com/color-admin/admin/assets/plugins/pdfmake/build/vfs_fonts.js]
[seantheme.com/color-admin/admin/assets/plugins/jszip/dist/jszip.min.js]
[seantheme.com/color-admin/admin/assets/js/demo/table-manage-buttons.demo.js]
[seantheme.com/color-admin/admin/html/table_manage_buttons.html]
[seantheme.com/color-admin/admin/assets/plugins/datatables.net-colreorder/js/dataTables.colreorder.min.js]
[seantheme.com/color-admin/admin/assets/plugins/datatables.net-colreorder-bs4/js/colreorder.bootstrap4.min.js]
[seantheme.com/color-admin/admin/assets/js/demo/table-manage-colreorder.demo.js]
[seantheme.com/color-admin/admin/html/table_manage_colreorder.html]
[seantheme.com/color-admin/admin/assets/plugins/datatables.net-fixedcolumns/js/dataTables.fixedcolumns.min.js]
[seantheme.com/color-admin/admin/assets/plugins/datatables.net-fixedcolumns-bs4/js/fixedcolumns.bootstrap4.min.js]
[seantheme.com/color-admin/admin/assets/js/demo/table-manage-fixed-columns.demo.js]
[seantheme.com/color-admin/admin/html/table_manage_fixed_columns.html]
[seantheme.com/color-admin/admin/assets/plugins/datatables.net-fixedheader/js/dataTables.fixedheader.min.js]
[seantheme.com/color-admin/admin/assets/plugins/datatables.net-fixedheader-bs4/js/fixedheader.bootstrap4.min.js]
[seantheme.com/color-admin/admin/assets/js/demo/table-manage-fixed-header.demo.js]
[seantheme.com/color-admin/admin/html/table_manage_fixed_header.html]
[seantheme.com/color-admin/admin/assets/plugins/datatables.net-keytable/js/dataTables.keytable.min.js]
[seantheme.com/color-admin/admin/assets/plugins/datatables.net-keytable-bs4/js/keytable.bootstrap4.min.js]
[seantheme.com/color-admin/admin/assets/js/demo/table-manage-keytable.demo.js]
[seantheme.com/color-admin/admin/html/table_manage_keytable.html]
[seantheme.com/color-admin/admin/assets/js/demo/table-manage-responsive.demo.js]
[seantheme.com/color-admin/admin/html/table_manage_responsive.html]
[seantheme.com/color-admin/admin/assets/plugins/datatables.net-rowreorder/js/dataTables.rowreorder.min.js]
[seantheme.com/color-admin/admin/assets/plugins/datatables.net-rowreorder-bs4/js/rowreorder.bootstrap4.min.js]
[seantheme.com/color-admin/admin/assets/js/demo/table-manage-rowreorder.demo.js]
[seantheme.com/color-admin/admin/html/table_manage_rowreorder.html]
[seantheme.com/color-admin/admin/assets/plugins/datatables.net-scroller/js/dataTables.scroller.min.js]
[seantheme.com/color-admin/admin/assets/plugins/datatables.net-scroller-bs4/js/scroller.bootstrap4.min.js]
[seantheme.com/color-admin/admin/assets/js/demo/table-manage-scroller.demo.js]
[seantheme.com/color-admin/admin/html/table_manage_scroller.html]
[seantheme.com/color-admin/admin/assets/plugins/datatables.net-select/js/dataTables.select.min.js]
[seantheme.com/color-admin/admin/assets/plugins/datatables.net-select-bs4/js/select.bootstrap4.min.js]
[seantheme.com/color-admin/admin/assets/js/demo/table-manage-select.demo.js]
[seantheme.com/color-admin/admin/html/table_manage_select.html]
[seantheme.com/color-admin/admin/assets/js/demo/table-manage-combine.demo.js]
[seantheme.com/color-admin/admin/html/table_manage_combine.html]
[seantheme.com/color-admin/admin/assets/img/logo/logo-admin.png]
[seantheme.com/color-admin/admin/assets/img/product/product-preview.jpg]
[seantheme.com/color-admin/admin/html/email_system.html]
[seantheme.com/color-admin/admin/assets/img/product/product-preview-iphone.png]
[seantheme.com/color-admin/admin/assets/img/product/product-preview-sm.jpg]
[seantheme.com/color-admin/admin/html/email_newsletter.html]
[seantheme.com/color-admin/admin/assets/plugins/flot/jquery.flot.stack.js]
[seantheme.com/color-admin/admin/assets/plugins/flot/jquery.flot.crosshair.js]
[seantheme.com/color-admin/admin/assets/plugins/flot/jquery.flot.categories.js]
[seantheme.com/color-admin/admin/assets/js/demo/chart-flot.demo.js]
[seantheme.com/color-admin/admin/html/chart-flot.html]
[seantheme.com/color-admin/admin/assets/plugins/raphael/raphael.min.js]
[seantheme.com/color-admin/admin/assets/plugins/morris.js/morris.min.js]
[seantheme.com/color-admin/admin/assets/js/demo/chart-morris.demo.js]
[seantheme.com/color-admin/admin/html/chart-morris.html]
[seantheme.com/color-admin/admin/assets/plugins/chart.js/dist/Chart.min.js]
[seantheme.com/color-admin/admin/assets/js/demo/chart-js.demo.js]
[seantheme.com/color-admin/admin/html/chart-js.html]
[seantheme.com/color-admin/admin/assets/js/demo/chart-d3.demo.js]
[seantheme.com/color-admin/admin/html/chart-d3.html]
[seantheme.com/color-admin/admin/assets/js/demo/chart-apex.demo.js]
[seantheme.com/color-admin/admin/html/chart-apex.html]
[seantheme.com/color-admin/admin/assets/plugins/fullcalendar/dist/fullcalendar.min.js]
[seantheme.com/color-admin/admin/assets/js/demo/calendar.demo.js]
[seantheme.com/color-admin/admin/html/calendar.html]
[seantheme.com/color-admin/admin/assets/js/demo/map-vector.demo.js]
[seantheme.com/color-admin/admin/html/map_vector.html]
[seantheme.com/color-admin/admin/assets/js/demo/map-google.demo.js]
[seantheme.com/color-admin/admin/html/map_google.html]
[seantheme.com/color-admin/admin/assets/img/gallery/gallery-5.jpg]
[seantheme.com/color-admin/admin/assets/plugins/isotope-layout/dist/isotope.pkgd.min.js]
[seantheme.com/color-admin/admin/assets/plugins/lightbox2/dist/js/lightbox.min.js]
[seantheme.com/color-admin/admin/assets/js/demo/gallery.demo.js]
[seantheme.com/color-admin/admin/html/gallery.html]
[seantheme.com/color-admin/admin/assets/img/gallery/gallery-12.jpg]
[seantheme.com/color-admin/admin/assets/img/gallery/gallery-16.jpg]
[seantheme.com/color-admin/admin/assets/img/gallery/gallery-17-thumb.jpg]
[seantheme.com/color-admin/admin/assets/img/gallery/gallery-18.jpg]
[seantheme.com/color-admin/admin/assets/img/gallery/gallery-18-thumb.jpg]
[seantheme.com/color-admin/admin/assets/img/gallery/gallery-19.jpg]
[seantheme.com/color-admin/admin/assets/img/gallery/gallery-19-thumb.jpg]
[seantheme.com/color-admin/admin/assets/img/gallery/gallery-20.jpg]
[seantheme.com/color-admin/admin/assets/img/gallery/gallery-20-thumb.jpg]
[seantheme.com/color-admin/admin/assets/img/gallery/gallery-21.jpg]
[seantheme.com/color-admin/admin/assets/img/gallery/gallery-22.jpg]
[seantheme.com/color-admin/admin/assets/img/gallery/gallery-23.jpg]
[seantheme.com/color-admin/admin/assets/img/gallery/gallery-24.jpg]
[seantheme.com/color-admin/admin/assets/img/gallery/gallery-25.jpg]
[seantheme.com/color-admin/admin/assets/img/gallery/gallery-26.jpg]
[seantheme.com/color-admin/admin/assets/img/gallery/gallery-26-thumb.jpg]
[seantheme.com/color-admin/admin/assets/img/gallery/gallery-27.jpg]
[seantheme.com/color-admin/admin/assets/img/gallery/gallery-27-thumb.jpg]
[seantheme.com/color-admin/admin/assets/img/gallery/gallery-28.jpg]
[seantheme.com/color-admin/admin/assets/img/gallery/gallery-28-thumb.jpg]
[seantheme.com/color-admin/admin/assets/img/gallery/gallery-29.jpg]
[seantheme.com/color-admin/admin/assets/img/gallery/gallery-29-thumb.jpg]
[seantheme.com/color-admin/admin/assets/img/gallery/gallery-30.jpg]
[seantheme.com/color-admin/admin/assets/img/gallery/gallery-30-thumb.jpg]
[seantheme.com/color-admin/admin/assets/img/gallery/gallery-31.jpg]
[seantheme.com/color-admin/admin/assets/img/gallery/gallery-31-thumb.jpg]
[seantheme.com/color-admin/admin/assets/img/gallery/gallery-32.jpg]
[seantheme.com/color-admin/admin/assets/img/gallery/gallery-32-thumb.jpg]
[seantheme.com/color-admin/admin/assets/img/gallery/gallery-33.jpg]
[seantheme.com/color-admin/admin/assets/img/gallery/gallery-33-thumb.jpg]
[seantheme.com/color-admin/admin/assets/img/gallery/gallery-34.jpg]
[seantheme.com/color-admin/admin/assets/img/gallery/gallery-34-thumb.jpg]
[seantheme.com/color-admin/admin/assets/img/gallery/gallery-35.jpg]
[seantheme.com/color-admin/admin/assets/img/gallery/gallery-35-thumb.jpg]
[seantheme.com/color-admin/admin/assets/img/gallery/gallery-36.jpg]
[seantheme.com/color-admin/admin/assets/img/gallery/gallery-36-thumb.jpg]
[seantheme.com/color-admin/admin/assets/img/gallery/gallery-37.jpg]
[seantheme.com/color-admin/admin/assets/img/gallery/gallery-37-thumb.jpg]
[seantheme.com/color-admin/admin/assets/img/gallery/gallery-38.jpg]
[seantheme.com/color-admin/admin/assets/img/gallery/gallery-38-thumb.jpg]
[seantheme.com/color-admin/admin/assets/img/gallery/gallery-39.jpg]
[seantheme.com/color-admin/admin/assets/img/gallery/gallery-39-thumb.jpg]
[seantheme.com/color-admin/admin/assets/img/gallery/gallery-40.jpg]
[seantheme.com/color-admin/admin/assets/img/gallery/gallery-40-thumb.jpg]
[seantheme.com/color-admin/admin/assets/img/gallery/gallery-41.jpg]
[seantheme.com/color-admin/admin/assets/img/gallery/gallery-41-thumb.jpg]
[seantheme.com/color-admin/admin/assets/img/gallery/gallery-42.jpg]
[seantheme.com/color-admin/admin/assets/img/gallery/gallery-42-thumb.jpg]
[seantheme.com/color-admin/admin/assets/img/gallery/gallery-43.jpg]
[seantheme.com/color-admin/admin/assets/img/gallery/gallery-43-thumb.jpg]
[seantheme.com/color-admin/admin/assets/img/gallery/gallery-44.jpg]
[seantheme.com/color-admin/admin/assets/img/gallery/gallery-44-thumb.jpg]
[seantheme.com/color-admin/admin/assets/img/gallery/gallery-45.jpg]
[seantheme.com/color-admin/admin/assets/img/gallery/gallery-45-thumb.jpg]
[seantheme.com/color-admin/admin/assets/img/gallery/gallery-46.jpg]
[seantheme.com/color-admin/admin/assets/img/gallery/gallery-46-thumb.jpg]
[seantheme.com/color-admin/admin/assets/img/gallery/gallery-47.jpg]
[seantheme.com/color-admin/admin/assets/img/gallery/gallery-47-thumb.jpg]
[seantheme.com/color-admin/admin/assets/img/gallery/gallery-48.jpg]
[seantheme.com/color-admin/admin/assets/img/gallery/gallery-48-thumb.jpg]
[seantheme.com/color-admin/admin/assets/img/gallery/gallery-49.jpg]
[seantheme.com/color-admin/admin/assets/img/gallery/gallery-49-thumb.jpg]
[seantheme.com/color-admin/admin/assets/img/gallery/gallery-50.jpg]
[seantheme.com/color-admin/admin/assets/img/gallery/gallery-50-thumb.jpg]
[seantheme.com/color-admin/admin/assets/img/gallery/gallery-51.jpg]
[seantheme.com/color-admin/admin/assets/img/gallery/gallery-52.jpg]
[seantheme.com/color-admin/admin/assets/img/gallery/gallery-53.jpg]
[seantheme.com/color-admin/admin/assets/img/gallery/gallery-54.jpg]
[seantheme.com/color-admin/admin/assets/img/gallery/gallery-55.jpg]
[seantheme.com/color-admin/admin/assets/img/gallery/gallery-55-thumb.jpg]
[seantheme.com/color-admin/admin/assets/img/gallery/gallery-56.jpg]
[seantheme.com/color-admin/admin/assets/img/gallery/gallery-56-thumb.jpg]
[seantheme.com/color-admin/admin/assets/img/gallery/gallery-57.jpg]
[seantheme.com/color-admin/admin/assets/img/gallery/gallery-57-thumb.jpg]
[seantheme.com/color-admin/admin/assets/img/gallery/gallery-58.jpg]
[seantheme.com/color-admin/admin/assets/img/gallery/gallery-58-thumb.jpg]
[seantheme.com/color-admin/admin/assets/img/gallery/gallery-59.jpg]
[seantheme.com/color-admin/admin/assets/img/gallery/gallery-60.jpg]
[seantheme.com/color-admin/admin/assets/img/gallery/gallery-61.jpg]
[seantheme.com/color-admin/admin/assets/img/gallery/gallery-61-thumb.jpg]
[seantheme.com/color-admin/admin/assets/img/gallery/gallery-62.jpg]
[seantheme.com/color-admin/admin/assets/img/gallery/gallery-62-thumb.jpg]
[seantheme.com/color-admin/admin/assets/img/gallery/gallery-63.jpg]
[seantheme.com/color-admin/admin/assets/img/gallery/gallery-63-thumb.jpg]
[seantheme.com/color-admin/admin/assets/img/gallery/gallery-64.jpg]
[seantheme.com/color-admin/admin/assets/img/gallery/gallery-64-thumb.jpg]
[seantheme.com/color-admin/admin/assets/img/gallery/gallery-65.jpg]
[seantheme.com/color-admin/admin/assets/img/gallery/gallery-65-thumb.jpg]
[seantheme.com/color-admin/admin/assets/img/gallery/gallery-66.jpg]
[seantheme.com/color-admin/admin/assets/img/gallery/gallery-66-thumb.jpg]
[seantheme.com/color-admin/admin/assets/img/gallery/gallery-67.jpg]
[seantheme.com/color-admin/admin/assets/img/gallery/gallery-67-thumb.jpg]
[seantheme.com/color-admin/admin/assets/img/gallery/gallery-68.jpg]
[seantheme.com/color-admin/admin/assets/img/gallery/gallery-68-thumb.jpg]
[seantheme.com/color-admin/admin/assets/img/gallery/gallery-69.jpg]
[seantheme.com/color-admin/admin/assets/img/gallery/gallery-69-thumb.jpg]
[seantheme.com/color-admin/admin/assets/img/gallery/gallery-70.jpg]
[seantheme.com/color-admin/admin/assets/img/gallery/gallery-70-thumb.jpg]
[seantheme.com/color-admin/admin/assets/plugins/superbox/jquery.superbox.min.js]
[seantheme.com/color-admin/admin/assets/js/demo/gallery-v2.demo.js]
[seantheme.com/color-admin/admin/html/gallery_v2.html]
[seantheme.com/color-admin/admin/html/page_blank.html]
[seantheme.com/color-admin/admin/html/page_with_footer.html]
[seantheme.com/color-admin/admin/html/page_without_sidebar.html]
[seantheme.com/color-admin/admin/html/page_with_right_sidebar.html]
[seantheme.com/color-admin/admin/html/page_with_minified_sidebar.html]
[seantheme.com/color-admin/admin/assets/plugins/jquery-knob/dist/jquery.knob.min.js]
[seantheme.com/color-admin/admin/assets/js/demo/page-with-two-sidebar.demo.js]
[seantheme.com/color-admin/admin/html/page_with_two_sidebar.html]
[seantheme.com/color-admin/admin/html/page_with_line_icons.html]
[seantheme.com/color-admin/admin/html/page_with_ionicons.html]
[seantheme.com/color-admin/admin/html/page_full_height.html]
[seantheme.com/color-admin/admin/html/page_with_wide_sidebar.html]
[seantheme.com/color-admin/admin/html/page_with_light_sidebar.html]
[seantheme.com/color-admin/admin/html/page_with_mega_menu.html]
[seantheme.com/color-admin/admin/html/page_with_top_menu.html]
[seantheme.com/color-admin/admin/html/page_with_boxed_layout.html]
[seantheme.com/color-admin/admin/html/page_with_mixed_menu.html]
[seantheme.com/color-admin/admin/html/page_boxed_layout_with_mixed_menu.html]
[seantheme.com/color-admin/admin/html/page_with_transparent_sidebar.html]
[seantheme.com/color-admin/admin/html/page_with_search_sidebar.html]
[seantheme.com/color-admin/admin/assets/js/demo/timeline.demo.js]
[seantheme.com/color-admin/admin/html/extra_timeline.html]
[seantheme.com/color-admin/admin/assets/plugins/countdown/jquery.plugin.min.js]
[seantheme.com/color-admin/admin/assets/plugins/countdown/jquery.countdown.min.js]
[seantheme.com/color-admin/admin/assets/js/demo/coming-soon.demo.js]
[seantheme.com/color-admin/admin/html/extra_coming_soon.html]
[seantheme.com/color-admin/admin/html/extra_search_results.html]
[seantheme.com/color-admin/admin/html/extra_invoice.html]
[seantheme.com/color-admin/admin/html/extra_404_error.html]
[seantheme.com/color-admin/admin/assets/plugins/lity/dist/lity.min.js]
[seantheme.com/color-admin/admin/assets/js/demo/profile.demo.js]
[seantheme.com/color-admin/admin/html/extra_profile.html]
[seantheme.com/color-admin/admin/assets/img/cover/cover-scrum-board.png]
[seantheme.com/color-admin/admin/html/extra_scrum_board.html]
[seantheme.com/color-admin/admin/html/extra_cookie_acceptance_banner.html]
[seantheme.com/color-admin/admin/html/login.html]
[seantheme.com/color-admin/admin/assets/img/login-bg/login-bg-17.jpg]
[seantheme.com/color-admin/admin/assets/img/login-bg/login-bg-16.jpg]
[seantheme.com/color-admin/admin/assets/img/login-bg/login-bg-15.jpg]
[seantheme.com/color-admin/admin/assets/img/login-bg/login-bg-14.jpg]
[seantheme.com/color-admin/admin/assets/img/login-bg/login-bg-13.jpg]
[seantheme.com/color-admin/admin/assets/img/login-bg/login-bg-12.jpg]
[seantheme.com/color-admin/admin/assets/js/demo/login-v2.demo.js]
[seantheme.com/color-admin/admin/html/login_v2.html]
[seantheme.com/color-admin/admin/assets/img/login-bg/login-bg-11.jpg]
[seantheme.com/color-admin/admin/html/login_v3.html]
[seantheme.com/color-admin/admin/html/register_v3.html]
[seantheme.com/color-admin/admin/html/helper_css.html]
[seantheme.com/color-admin/admin/assets/plugins/bootstrap-datepicker/dist/css/bootstrap-datepicker.css]
[seantheme.com/color-admin/admin/assets/plugins/gritter/images/ie-spacer.gif]
[seantheme.com/color-admin/admin/assets/plugins/gritter/images/gritter.png]
[seantheme.com/color-admin/admin/assets/plugins/gritter/images/gritter-light.png]
[seantheme.com/color-admin/admin/assets/plugins/gritter/css/jquery.gritter.css]
[seantheme.com/color-admin/admin/assets/plugins/bootstrap-calendar/css/bootstrap_calendar.css]
[seantheme.com/color-admin/admin/assets/plugins/tag-it/css/jquery.tagit.css]
[seantheme.com/color-admin/admin/assets/plugins/bootstrap3-wysihtml5-bower/dist/bootstrap3-wysihtml5.min.css]
[seantheme.com/color-admin/admin/assets/plugins/simple-line-icons/fonts/Simple-Line-Iconsb26c.eot]
[seantheme.com/color-admin/admin/assets/plugins/simple-line-icons/fonts/Simple-Line-Iconsb26c.woff2]
[seantheme.com/color-admin/admin/assets/plugins/simple-line-icons/fonts/Simple-Line-Iconsb26c.ttf]
[seantheme.com/color-admin/admin/assets/plugins/simple-line-icons/fonts/Simple-Line-Iconsb26c.woff]
[seantheme.com/color-admin/admin/assets/plugins/simple-line-icons/css/simple-line-icons.css]
[seantheme.com/color-admin/admin/assets/plugins/ionicons/fonts/ionicons53d0.eot]
[seantheme.com/color-admin/admin/assets/plugins/ionicons/fonts/ionicons53d0.woff2]
[seantheme.com/color-admin/admin/assets/plugins/ionicons/fonts/ionicons53d0.woff]
[seantheme.com/color-admin/admin/assets/plugins/ionicons/fonts/ionicons53d0.ttf]
[seantheme.com/color-admin/admin/assets/plugins/ionicons/css/ionicons.min.css]
[seantheme.com/color-admin/admin/assets/plugins/jstree/dist/themes/default/32px.png]
[seantheme.com/color-admin/admin/assets/plugins/jstree/dist/themes/default/throbber.gif]
[seantheme.com/color-admin/admin/assets/plugins/jstree/dist/themes/default/40px.png]
[seantheme.com/color-admin/admin/assets/plugins/jstree/dist/themes/default/style.min.css]
[seantheme.com/color-admin/admin/assets/plugins/flag-icon-css/css/flag-icon.min.css]
[seantheme.com/color-admin/admin/assets/plugins/bootstrap-social/bootstrap-social.css]
[seantheme.com/color-admin/admin/assets/plugins/intro.js/minified/introjs.min.css]
[seantheme.com/color-admin/admin/assets/plugins/bootstrap-datepicker/dist/css/bootstrap-datepicker3.css]
[seantheme.com/color-admin/admin/assets/plugins/ion-rangeslider/css/ion.rangeSlider.min.css]
[seantheme.com/color-admin/admin/assets/plugins/bootstrap-colorpicker/dist/css/bootstrap-colorpicker.min.css]
[seantheme.com/color-admin/admin/assets/plugins/bootstrap-timepicker/css/bootstrap-timepicker.min.css]
[seantheme.com/color-admin/admin/assets/plugins/@danielfarrell/bootstrap-combobox/css/bootstrap-combobox.css]
[seantheme.com/color-admin/admin/assets/plugins/bootstrap-select/dist/css/bootstrap-select.min.css]
[seantheme.com/color-admin/admin/assets/plugins/select2/dist/css/select2.min.css]
[seantheme.com/color-admin/admin/assets/plugins/eonasdan-bootstrap-datetimepicker/build/css/bootstrap-datetimepicker.min.css]
[seantheme.com/color-admin/admin/assets/plugins/bootstrap-colorpalette/css/bootstrap-colorpalette.css]
[seantheme.com/color-admin/admin/assets/plugins/jquery-simplecolorpicker/jquery.simplecolorpicker.css]
[seantheme.com/color-admin/admin/assets/plugins/jquery-simplecolorpicker/jquery.simplecolorpicker-fontawesome.css]
[seantheme.com/color-admin/admin/assets/plugins/jquery-simplecolorpicker/jquery.simplecolorpicker-glyphicons.css]
[seantheme.com/color-admin/admin/assets/plugins/switchery/switchery.min.css]
[seantheme.com/color-admin/admin/assets/plugins/abpetkov-powerange/dist/powerange.min.css]
[seantheme.com/color-admin/admin/assets/plugins/smartwizard/dist/css/smart_wizard.css]
[seantheme.com/color-admin/admin/assets/plugins/x-editable-bs4/dist/bootstrap4-editable/img/loading.gif]
[seantheme.com/color-admin/admin/assets/plugins/x-editable-bs4/dist/bootstrap4-editable/img/clear.png]
[seantheme.com/color-admin/admin/assets/plugins/x-editable-bs4/dist/bootstrap4-editable/css/bootstrap-editable.css]
[seantheme.com/color-admin/admin/assets/plugins/x-editable-bs4/dist/inputs-ext/address/address.css]
[seantheme.com/color-admin/admin/assets/plugins/x-editable-bs4/dist/inputs-ext/typeaheadjs/lib/typeahead.js-bootstrap.css]
[seantheme.com/color-admin/admin/assets/plugins/bootstrap-datetimepicker/css/bootstrap-datetimepicker.min.css]
[seantheme.com/color-admin/admin/assets/plugins/bootstrap-datepicker/dist/css/bootstrap-datepicker.min.css]
[seantheme.com/color-admin/admin/assets/plugins/bootstrap-datepicker/dist/css/bootstrap-datepicker3.min.css]
[seantheme.com/color-admin/admin/assets/plugins/blueimp-gallery/img/loading.gif]
[seantheme.com/color-admin/admin/assets/plugins/blueimp-gallery/img/error.png]
[seantheme.com/color-admin/admin/assets/plugins/blueimp-gallery/img/play-pause.png]
[seantheme.com/color-admin/admin/assets/plugins/blueimp-gallery/img/video-play.png]
[seantheme.com/color-admin/admin/assets/plugins/blueimp-gallery/css/blueimp-gallery.min.css]
[seantheme.com/color-admin/admin/assets/plugins/blueimp-file-upload/css/jquery.fileupload.css]
[seantheme.com/color-admin/admin/assets/plugins/blueimp-file-upload/img/progressbar.gif]
[seantheme.com/color-admin/admin/assets/plugins/blueimp-file-upload/img/loading.gif]
[seantheme.com/color-admin/admin/assets/plugins/blueimp-file-upload/css/jquery.fileupload-ui.css]
[seantheme.com/color-admin/admin/assets/plugins/summernote/dist/font/summernote.eot]
[seantheme.com/color-admin/admin/assets/plugins/summernote/dist/font/summernoted41d.eot]
[seantheme.com/color-admin/admin/assets/plugins/summernote/dist/font/summernote.woff2]
[seantheme.com/color-admin/admin/assets/plugins/summernote/dist/font/summernote.woff]
[seantheme.com/color-admin/admin/assets/plugins/summernote/dist/font/summernote.ttf]
[seantheme.com/color-admin/admin/assets/plugins/summernote/dist/summernote.css]
[seantheme.com/color-admin/admin/assets/plugins/dropzone/dist/min/dropzone.min.css]
[seantheme.com/color-admin/admin/assets/plugins/datatables.net-bs4/css/dataTables.bootstrap4.min.css]
[seantheme.com/color-admin/admin/assets/plugins/datatables.net-responsive-bs4/css/responsive.bootstrap4.min.css]
[seantheme.com/color-admin/admin/assets/plugins/datatables.net-autofill-bs4/css/autofill.bootstrap4.min.css]
[seantheme.com/color-admin/admin/assets/plugins/datatables.net-buttons-bs4/css/buttons.bootstrap4.min.css]
[seantheme.com/color-admin/admin/assets/plugins/datatables.net-colreorder-bs4/css/colreorder.bootstrap4.min.css]
[seantheme.com/color-admin/admin/assets/plugins/datatables.net-fixedcolumns-bs4/css/fixedcolumns.bootstrap4.min.css]
[seantheme.com/color-admin/admin/assets/plugins/datatables.net-fixedheader-bs4/css/fixedheader.bootstrap4.min.css]
[seantheme.com/color-admin/admin/assets/plugins/datatables.net-keytable-bs4/css/keytable.bootstrap4.min.css]
[seantheme.com/color-admin/admin/assets/plugins/datatables.net-rowreorder-bs4/css/rowreorder.bootstrap4.min.css]
[seantheme.com/color-admin/admin/assets/plugins/datatables.net-scroller-bs4/css/scroller.bootstrap4.min.css]
[seantheme.com/color-admin/admin/assets/plugins/datatables.net-select-bs4/css/select.bootstrap4.min.css]
[seantheme.com/color-admin/admin/assets/plugins/morris.js/morris.css]
[seantheme.com/color-admin/admin/assets/plugins/fullcalendar/dist/fullcalendar.print.css]
[seantheme.com/color-admin/admin/assets/plugins/fullcalendar/dist/fullcalendar.min.css]
[seantheme.com/color-admin/admin/assets/plugins/lightbox2/dist/images/loading.gif]
[seantheme.com/color-admin/admin/assets/plugins/lightbox2/dist/images/prev.png]
[seantheme.com/color-admin/admin/assets/plugins/lightbox2/dist/images/next.png]
[seantheme.com/color-admin/admin/assets/plugins/lightbox2/dist/images/close.png]
[seantheme.com/color-admin/admin/assets/plugins/lightbox2/dist/css/lightbox.css]
[seantheme.com/color-admin/admin/assets/plugins/superbox/font/superboxicons8788.eot]
[seantheme.com/color-admin/admin/assets/plugins/superbox/font/superboxicons8788.woff]
[seantheme.com/color-admin/admin/assets/plugins/superbox/font/superboxicons8788.ttf]
[seantheme.com/color-admin/admin/assets/plugins/superbox/superbox.min.css]
[seantheme.com/color-admin/admin/assets/plugins/countdown/jquery.countdown.css]
[seantheme.com/color-admin/admin/assets/plugins/lity/dist/lity.min.css]
[seantheme.com/color-admin/admin/assets/plugins/superbox/font/superboxicons8788.svg]
[www.google-analytics.com/analytics.js]
[img.youtube.com/vi/RQ5ljyGg-ig/mqdefault.jpg]
[img.youtube.com/vi/5lWkZ-JaEOc/mqdefault.jpg]
[img.youtube.com/vi/9ZfN87gSjvI/mqdefault.jpg]
[img.youtube.com/vi/w2H07DRv2_M/mqdefault.jpg]
[img.youtube.com/vi/PntG8KEVjR8/mqdefault.jpg]
[img.youtube.com/vi/q8kxKvSQ7MI/mqdefault.jpg]
[img.youtube.com/vi/cutu3Bw4ep4/mqdefault.jpg]
[img.youtube.com/vi/gCspUXGrraM/mqdefault.jpg]
[img.youtube.com/vi/COtpTM1MpAA/mqdefault.jpg]
[img.youtube.com/vi/8NVkGHVOazc/mqdefault.jpg]
[img.youtube.com/vi/QgQ7MWLsw1w/mqdefault.jpg]
[img.youtube.com/vi/Dmw0ucCv8aQ/mqdefault.jpg]
[img.youtube.com/vi/r1d7ST2TG2U/mqdefault.jpg]
[img.youtube.com/vi/WUR-XWBcHvs/mqdefault.jpg]
[img.youtube.com/vi/A7sQ8RWj0Cw/mqdefault.jpg]
[img.youtube.com/vi/IMN2VfiXls4/mqdefault.jpg]
